.\venv\Scripts\python.exe : Traceback (most recent call last):
At line:1 char:1
+ .\venv\Scripts\python.exe -m uvicorn app.main:app --port 8000 2>&1 |  ...
+ ~~~~~~~~~~~~~~~~~~~~~~~~~~~~~~~~~~~~~~~~~~~~~~~~~~~~~~~~~~~~~~~~~~
    + CategoryInfo          : NotSpecified: (Traceback (most recent call last)::Strin 
   g) [], RemoteException
    + FullyQualifiedErrorId : NativeCommandError
 
  File "<frozen runpy>", line 198, in _run_module_as_main
  File "<frozen runpy>", line 88, in _run_code
  File "F:\Codes\Advance Backend\Finance 
System\Backend\venv\Lib\site-packages\uvicorn\__main__.py", line 4, in <module>
    uvicorn.main()
    ~~~~~~~~~~~~^^
  File "F:\Codes\Advance Backend\Finance 
System\Backend\venv\Lib\site-packages\click\core.py", line 1485, in __call__
    return self.main(*args, **kwargs)
           ~~~~~~~~~^^^^^^^^^^^^^^^^^
  File "F:\Codes\Advance Backend\Finance 
System\Backend\venv\Lib\site-packages\click\core.py", line 1406, in main
    rv = self.invoke(ctx)
  File "F:\Codes\Advance Backend\Finance 
System\Backend\venv\Lib\site-packages\click\core.py", line 1269, in invoke
    return ctx.invoke(self.callback, **ctx.params)
           ~~~~~~~~~~^^^^^^^^^^^^^^^^^^^^^^^^^^^^^
  File "F:\Codes\Advance Backend\Finance 
System\Backend\venv\Lib\site-packages\click\core.py", line 824, in invoke
    return callback(*args, **kwargs)
  File "F:\Codes\Advance Backend\Finance 
System\Backend\venv\Lib\site-packages\uvicorn\main.py", line 418, in main
    run(
    ~~~^
        app,
        ^^^^
    ...<45 lines>...
        h11_max_incomplete_event_size=h11_max_incomplete_event_size,
        ^^^^^^^^^^^^^^^^^^^^^^^^^^^^^^^^^^^^^^^^^^^^^^^^^^^^^^^^^^^^
    )
    ^
  File "F:\Codes\Advance Backend\Finance 
System\Backend\venv\Lib\site-packages\uvicorn\main.py", line 587, in run
    server.run()
    ~~~~~~~~~~^^
  File "F:\Codes\Advance Backend\Finance 
System\Backend\venv\Lib\site-packages\uvicorn\server.py", line 62, in run
    return asyncio.run(self.serve(sockets=sockets))
           ~~~~~~~~~~~^^^^^^^^^^^^^^^^^^^^^^^^^^^^^
  File "C:\Python314\Lib\asyncio\runners.py", line 204, in run
    return runner.run(main)
           ~~~~~~~~~~^^^^^^
  File "C:\Python314\Lib\asyncio\runners.py", line 127, in run
    return self._loop.run_until_complete(task)
           ~~~~~~~~~~~~~~~~~~~~~~~~~~~~~^^^^^^
  File "C:\Python314\Lib\asyncio\base_events.py", line 719, in run_until_complete
    return future.result()
           ~~~~~~~~~~~~~^^
  File "F:\Codes\Advance Backend\Finance 
System\Backend\venv\Lib\site-packages\uvicorn\server.py", line 69, in serve
    config.load()
    ~~~~~~~~~~~^^
  File "F:\Codes\Advance Backend\Finance 
System\Backend\venv\Lib\site-packages\uvicorn\config.py", line 458, in load
    self.loaded_app = import_from_string(self.app)
                      ~~~~~~~~~~~~~~~~~~^^^^^^^^^^
  File "F:\Codes\Advance Backend\Finance 
System\Backend\venv\Lib\site-packages\uvicorn\importer.py", line 21, in 
import_from_string
    module = importlib.import_module(module_str)
  File "C:\Python314\Lib\importlib\__init__.py", line 88, in import_module
    return _bootstrap._gcd_import(name[level:], package, level)
           ~~~~~~~~~~~~~~~~~~~~~~^^^^^^^^^^^^^^^^^^^^^^^^^^^^^^
  File "<frozen importlib._bootstrap>", line 1398, in _gcd_import
  File "<frozen importlib._bootstrap>", line 1371, in _find_and_load
  File "<frozen importlib._bootstrap>", line 1342, in _find_and_load_unlocked
  File "<frozen importlib._bootstrap>", line 938, in _load_unlocked
  File "<frozen importlib._bootstrap_external>", line 759, in exec_module
  File "<frozen importlib._bootstrap>", line 491, in _call_with_frames_removed
  File "F:\Codes\Advance Backend\Finance System\Backend\app\main.py", line 4, in 
<module>
    from app.api.routes import transactions, summary
  File "F:\Codes\Advance Backend\Finance 
System\Backend\app\api\routes\transactions.py", line 3, in <module>
    from sqlalchemy.orm import Session
  File "F:\Codes\Advance Backend\Finance 
System\Backend\venv\Lib\site-packages\sqlalchemy\__init__.py", line 13, in <module>
    from .engine import AdaptedConnection as AdaptedConnection
  File "F:\Codes\Advance Backend\Finance 
System\Backend\venv\Lib\site-packages\sqlalchemy\engine\__init__.py", line 18, in 
<module>
    from . import events as events
  File "F:\Codes\Advance Backend\Finance 
System\Backend\venv\Lib\site-packages\sqlalchemy\engine\events.py", line 19, in 
<module>
    from .base import Connection
  File "F:\Codes\Advance Backend\Finance 
System\Backend\venv\Lib\site-packages\sqlalchemy\engine\base.py", line 30, in <module>
    from .interfaces import BindTyping
  File "F:\Codes\Advance Backend\Finance 
System\Backend\venv\Lib\site-packages\sqlalchemy\engine\interfaces.py", line 38, in 
<module>
    from ..sql.compiler import Compiled as Compiled
  File "F:\Codes\Advance Backend\Finance 
System\Backend\venv\Lib\site-packages\sqlalchemy\sql\__init__.py", line 14, in 
<module>
    from .compiler import COLLECT_CARTESIAN_PRODUCTS as COLLECT_CARTESIAN_PRODUCTS
  File "F:\Codes\Advance Backend\Finance 
System\Backend\venv\Lib\site-packages\sqlalchemy\sql\compiler.py", line 61, in 
<module>
    from . import crud
  File "F:\Codes\Advance Backend\Finance 
System\Backend\venv\Lib\site-packages\sqlalchemy\sql\crud.py", line 34, in <module>
    from . import dml
  File "F:\Codes\Advance Backend\Finance 
System\Backend\venv\Lib\site-packages\sqlalchemy\sql\dml.py", line 34, in <module>
    from . import util as sql_util
  File "F:\Codes\Advance Backend\Finance 
System\Backend\venv\Lib\site-packages\sqlalchemy\sql\util.py", line 46, in <module>
    from .ddl import sort_tables as sort_tables  # noqa: F401
    ^^^^^^^^^^^^^^^^^^^^^^^^^^^^^^^^^^^^^^^^^^^
  File "F:\Codes\Advance Backend\Finance 
System\Backend\venv\Lib\site-packages\sqlalchemy\sql\ddl.py", line 30, in <module>
    from .elements import ClauseElement
  File "F:\Codes\Advance Backend\Finance 
System\Backend\venv\Lib\site-packages\sqlalchemy\sql\elements.py", line 806, in 
<module>
    class SQLCoreOperations(Generic[_T_co], ColumnOperators, TypingOnly):
    ...<372 lines>...
            def __rfloordiv__(self, other: Any) -> ColumnElement[Any]: ...
  File "C:\Python314\Lib\typing.py", line 1175, in _generic_init_subclass
    super(Generic, cls).__init_subclass__(*args, **kwargs)
    ~~~~~~~~~~~~~~~~~~~~~~~~~~~~~~~~~~~~~^^^^^^^^^^^^^^^^^
  File "F:\Codes\Advance Backend\Finance 
System\Backend\venv\Lib\site-packages\sqlalchemy\util\langhelpers.py", line 1980, in 
__init_subclass__
    raise AssertionError(
    ...<2 lines>...
    )
AssertionError: Class <class 'sqlalchemy.sql.elements.SQLCoreOperations'> directly 
inherits TypingOnly but has additional attributes {'__static_attributes__', 
'__firstlineno__'}.
